[debug] [2022-12-30T20:34:49.626Z] ----------------------------------------------------------------------
[debug] [2022-12-30T20:34:49.628Z] Command:       /opt/homebrew/Cellar/node/19.3.0/bin/node /opt/homebrew/bin/firebase login --token 1//01gsT4gA5tD6WCgYIARAAGAESNwF-L9Ir9TT2lFATqmHyv_Vr3xlv4eV2LcLfSQTI8LirCDbx-LFzfzHwG0Z7tmbxKKy5w8VTfbg
[debug] [2022-12-30T20:34:49.628Z] CLI Version:   11.19.0
[debug] [2022-12-30T20:34:49.628Z] Platform:      darwin
[debug] [2022-12-30T20:34:49.628Z] Node Version:  v19.3.0
[debug] [2022-12-30T20:34:49.628Z] Time:          Fri Dec 30 2022 14:34:49 GMT-0600 (Central Standard Time)
[debug] [2022-12-30T20:34:49.628Z] ----------------------------------------------------------------------
[debug] 
[info] i  Firebase optionally collects CLI and Emulator Suite usage and error reporting information to help improve our products. Data is collected in accordance with Google's privacy policy (https://policies.google.com/privacy) and is not used to identify you.
 
[info] i  To change your data collection preference at any time, run `firebase logout` and log in again. 
[info] 
[info] Visit this URL on this device to log in:
[info] https://accounts.google.com/o/oauth2/auth?client_id=563584335869-fgrhgmd47bqnekij5i8b5pr03ho849e6.apps.googleusercontent.com&scope=email%20openid%20https%3A%2F%2Fwww.googleapis.com%2Fauth%2Fcloudplatformprojects.readonly%20https%3A%2F%2Fwww.googleapis.com%2Fauth%2Ffirebase%20https%3A%2F%2Fwww.googleapis.com%2Fauth%2Fcloud-platform&response_type=code&state=748486567&redirect_uri=http%3A%2F%2Flocalhost%3A9005
[info] 
[info] Waiting for authentication...
[debug] [2022-12-30T20:35:20.162Z] ----------------------------------------------------------------------
[debug] [2022-12-30T20:35:20.163Z] Command:       /opt/homebrew/Cellar/node/19.3.0/bin/node /opt/homebrew/bin/firebase login:ci --token 1//01gsT4gA5tD6WCgYIARAAGAESNwF-L9Ir9TT2lFATqmHyv_Vr3xlv4eV2LcLfSQTI8LirCDbx-LFzfzHwG0Z7tmbxKKy5w8VTfbg
[debug] [2022-12-30T20:35:20.164Z] CLI Version:   11.19.0
[debug] [2022-12-30T20:35:20.164Z] Platform:      darwin
[debug] [2022-12-30T20:35:20.164Z] Node Version:  v19.3.0
[debug] [2022-12-30T20:35:20.164Z] Time:          Fri Dec 30 2022 14:35:20 GMT-0600 (Central Standard Time)
[debug] [2022-12-30T20:35:20.164Z] ----------------------------------------------------------------------
[debug] 
[warn] ⚠  Authenticating with a `login:ci` token is deprecated and will be removed in a future major version of `firebase-tools`. Instead, use a service account key with `GOOGLE_APPLICATION_CREDENTIALS`: https://cloud.google.com/docs/authentication/getting-started 
[info] 
[info] Visit this URL on this device to log in:
[info] https://accounts.google.com/o/oauth2/auth?client_id=563584335869-fgrhgmd47bqnekij5i8b5pr03ho849e6.apps.googleusercontent.com&scope=email%20openid%20https%3A%2F%2Fwww.googleapis.com%2Fauth%2Fcloudplatformprojects.readonly%20https%3A%2F%2Fwww.googleapis.com%2Fauth%2Ffirebase%20https%3A%2F%2Fwww.googleapis.com%2Fauth%2Fcloud-platform&response_type=code&state=150835910&redirect_uri=http%3A%2F%2Flocalhost%3A9005
[info] 
[info] Waiting for authentication...
